ninja: Entering directory `F:\TPTVBOX_HW\app\.cxx\cmake\debug\armeabi-v7a'
[1/2] Building CXX object CMakeFiles/native-lib.dir/src/main/cpp/native-lib.cpp.o
FAILED: CMakeFiles/native-lib.dir/src/main/cpp/native-lib.cpp.o 
F:\android-studio\Android\sdk1\ndk\20.0.5594570\toolchains\llvm\prebuilt\windows-x86_64\bin\clang++.exe --target=armv7-none-linux-androideabi22 --gcc-toolchain=F:/android-studio/Android/sdk1/ndk/20.0.5594570/toolchains/llvm/prebuilt/windows-x86_64 --sysroot=F:/android-studio/Android/sdk1/ndk/20.0.5594570/toolchains/llvm/prebuilt/windows-x86_64/sysroot  -Dnative_lib_EXPORTS  -g -DANDROID -fdata-sections -ffunction-sections -funwind-tables -fstack-protector-strong -no-canonical-prefixes -fno-addrsig -march=armv7-a -mthumb -Wa,--noexecstack -Wformat -Werror=format-security   -O0 -fno-limit-debug-info  -fPIC -MD -MT CMakeFiles/native-lib.dir/src/main/cpp/native-lib.cpp.o -MF CMakeFiles\native-lib.dir\src\main\cpp\native-lib.cpp.o.d -o CMakeFiles/native-lib.dir/src/main/cpp/native-lib.cpp.o -c ../../../../src/main/cpp/native-lib.cpp
../../../../src/main/cpp/native-lib.cpp:8:17: error: expected ';' after top level declarator
Java_com_zhuchao.android.tianpuhw_MainActivity_stringFromJNI(
                ^
                ;
1 error generated.
ninja: build stopped: subcommand failed.
